<?xml version="1.0" encoding="UTF-8"?>
<!-- Generated by org.testng.reporters.JUnitReportReporter -->
<testsuite hostname="LAPTOP-VKJJDC56" failures="0" tests="1" name="testNG_example.demo" time="0.009" errors="0" timestamp="2021-07-28T17:33:35 IST" skipped="0">
  <testcase classname="testNG_example.demo" name="testMethod1" time="0.009"/>
  <system-out/>
</testsuite> <!-- testNG_example.demo -->
